# JRE version: OpenJDK Runtime Environment Temurin-17.0.9+9 (17.0.9+9) (build 17.0.9+9)
# Java VM: OpenJDK 64-Bit Server VM Temurin-17.0.9+9 (17.0.9+9, mixed mode, emulated-client, tiered, compressed oops, compressed class ptrs, g1 gc, windows-amd64)
GC Precious Log:
 CPUs: 4 total, 4 available
 Memory: 3959M
 Large Page Support: Disabled
 NUMA Support: Disabled
 Compressed Oops: Enabled (32-bit)
 Heap Region Size: 1M
 Heap Min Capacity: 8M
 Heap Initial Capacity: 62M
 Heap Max Capacity: 1G
 Pre-touch: Disabled
 Parallel Workers: 4
 Concurrent Workers: 1
 Concurrent Refinement Workers: 4
 Periodic GC: Disabled
Heap:
 garbage-first heap   total 65536K, used 37377K [0x00000000c0000000, 0x0000000100000000)
  region size 1024K, 2 young (2048K), 2 survivors (2048K)
 Metaspace       used 53760K, committed 54208K, reserved 1114112K
  class space    used 6693K, committed 6912K, reserved 1048576K
GC Heap History (20 events):
Event: 45.754 GC heap after
{Heap after GC invocations=10 (full 0):
 garbage-first heap   total 55296K, used 21832K [0x00000000c0000000, 0x0000000100000000)
  region size 1024K, 2 young (2048K), 2 survivors (2048K)
 Metaspace       used 35516K, committed 35904K, reserved 1114112K
  class space    used 4575K, committed 4800K, reserved 1048576K
}
Event: 46.790 GC heap before
{Heap before GC invocations=10 (full 0):
 garbage-first heap   total 55296K, used 22856K [0x00000000c0000000, 0x0000000100000000)
  region size 1024K, 4 young (4096K), 2 survivors (2048K)
 Metaspace       used 35934K, committed 36288K, reserved 1114112K
  class space    used 4642K, committed 4800K, reserved 1048576K
}
Event: 46.795 GC heap after
{Heap after GC invocations=11 (full 0):
 garbage-first heap   total 55296K, used 21832K [0x00000000c0000000, 0x0000000100000000)
  region size 1024K, 2 young (2048K), 2 survivors (2048K)
 Metaspace       used 35934K, committed 36288K, reserved 1114112K
  class space    used 4642K, committed 4800K, reserved 1048576K
}
Event: 50.348 GC heap before
{Heap before GC invocations=12 (full 0):
 garbage-first heap   total 55296K, used 39240K [0x00000000c0000000, 0x0000000100000000)
  region size 1024K, 19 young (19456K), 2 survivors (2048K)
 Metaspace       used 38488K, committed 38848K, reserved 1114112K
  class space    used 5091K, committed 5248K, reserved 1048576K
}
Event: 50.354 GC heap after
{Heap after GC invocations=13 (full 0):
 garbage-first heap   total 55296K, used 23123K [0x00000000c0000000, 0x0000000100000000)
  region size 1024K, 2 young (2048K), 2 survivors (2048K)
 Metaspace       used 38488K, committed 38848K, reserved 1114112K
  class space    used 5091K, committed 5248K, reserved 1048576K
}
Event: 51.939 GC heap before
{Heap before GC invocations=13 (full 0):
 garbage-first heap   total 55296K, used 40531K [0x00000000c0000000, 0x0000000100000000)
  region size 1024K, 19 young (19456K), 2 survivors (2048K)
 Metaspace       used 41944K, committed 42368K, reserved 1114112K
  class space    used 5383K, committed 5568K, reserved 1048576K
}
Event: 51.944 GC heap after
{Heap after GC invocations=14 (full 0):
 garbage-first heap   total 55296K, used 25740K [0x00000000c0000000, 0x0000000100000000)
  region size 1024K, 3 young (3072K), 3 survivors (3072K)
 Metaspace       used 41944K, committed 42368K, reserved 1114112K
  class space    used 5383K, committed 5568K, reserved 1048576K
}
Event: 52.475 GC heap before
{Heap before GC invocations=14 (full 0):
 garbage-first heap   total 55296K, used 41100K [0x00000000c0000000, 0x0000000100000000)
  region size 1024K, 19 young (19456K), 3 survivors (3072K)
 Metaspace       used 44436K, committed 44864K, reserved 1114112K
  class space    used 5624K, committed 5824K, reserved 1048576K
}
Event: 52.482 GC heap after
{Heap after GC invocations=15 (full 0):
 garbage-first heap   total 55296K, used 26398K [0x00000000c0000000, 0x0000000100000000)
  region size 1024K, 3 young (3072K), 3 survivors (3072K)
 Metaspace       used 44436K, committed 44864K, reserved 1114112K
  class space    used 5624K, committed 5824K, reserved 1048576K
}
Event: 52.884 GC heap before
{Heap before GC invocations=15 (full 0):
 garbage-first heap   total 55296K, used 39710K [0x00000000c0000000, 0x0000000100000000)
  region size 1024K, 18 young (18432K), 3 survivors (3072K)
 Metaspace       used 45441K, committed 45888K, reserved 1114112K
  class space    used 5758K, committed 5952K, reserved 1048576K
}
Event: 52.891 GC heap after
{Heap after GC invocations=16 (full 0):
 garbage-first heap   total 55296K, used 31846K [0x00000000c0000000, 0x0000000100000000)
  region size 1024K, 3 young (3072K), 3 survivors (3072K)
 Metaspace       used 45441K, committed 45888K, reserved 1114112K
  class space    used 5758K, committed 5952K, reserved 1048576K
}
Event: 53.336 GC heap before
{Heap before GC invocations=17 (full 0):
 garbage-first heap   total 63488K, used 40038K [0x00000000c0000000, 0x0000000100000000)
  region size 1024K, 11 young (11264K), 3 survivors (3072K)
 Metaspace       used 46924K, committed 47360K, reserved 1114112K
  class space    used 5873K, committed 6080K, reserved 1048576K
}
Event: 53.340 GC heap after
{Heap after GC invocations=18 (full 0):
 garbage-first heap   total 63488K, used 34888K [0x00000000c0000000, 0x0000000100000000)
  region size 1024K, 2 young (2048K), 2 survivors (2048K)
 Metaspace       used 46924K, committed 47360K, reserved 1114112K
  class space    used 5873K, committed 6080K, reserved 1048576K
}
Event: 53.692 GC heap before
{Heap before GC invocations=18 (full 0):
 garbage-first heap   total 63488K, used 44104K [0x00000000c0000000, 0x0000000100000000)
  region size 1024K, 12 young (12288K), 2 survivors (2048K)
 Metaspace       used 49260K, committed 49792K, reserved 1114112K
  class space    used 6107K, committed 6336K, reserved 1048576K
}
Event: 53.695 GC heap after
{Heap after GC invocations=19 (full 0):
 garbage-first heap   total 63488K, used 35265K [0x00000000c0000000, 0x0000000100000000)
  region size 1024K, 1 young (1024K), 1 survivors (1024K)
 Metaspace       used 49260K, committed 49792K, reserved 1114112K
  class space    used 6107K, committed 6336K, reserved 1048576K
}
Event: 53.977 GC heap before
{Heap before GC invocations=20 (full 0):
 garbage-first heap   total 65536K, used 46529K [0x00000000c0000000, 0x0000000100000000)
  region size 1024K, 12 young (12288K), 1 survivors (1024K)
 Metaspace       used 52033K, committed 52544K, reserved 1114112K
  class space    used 6486K, committed 6720K, reserved 1048576K
}
Event: 53.979 GC heap after
{Heap after GC invocations=21 (full 0):
 garbage-first heap   total 65536K, used 35977K [0x00000000c0000000, 0x0000000100000000)
  region size 1024K, 2 young (2048K), 2 survivors (2048K)
 Metaspace       used 52033K, committed 52544K, reserved 1114112K
  class space    used 6486K, committed 6720K, reserved 1048576K
}
Event: 53.984 GC heap before
{Heap before GC invocations=21 (full 0):
 garbage-first heap   total 65536K, used 37001K [0x00000000c0000000, 0x0000000100000000)
  region size 1024K, 3 young (3072K), 2 survivors (2048K)
 Metaspace       used 52033K, committed 52544K, reserved 1114112K
  class space    used 6486K, committed 6720K, reserved 1048576K
}
Event: 53.986 GC heap after
{Heap after GC invocations=22 (full 0):
 garbage-first heap   total 65536K, used 36066K [0x00000000c0000000, 0x0000000100000000)
  region size 1024K, 1 young (1024K), 1 survivors (1024K)
 Metaspace       used 52033K, committed 52544K, reserved 1114112K
  class space    used 6486K, committed 6720K, reserved 1048576K
}
Event: 54.282 GC heap before
{Heap before GC invocations=22 (full 0):
 garbage-first heap   total 65536K, used 48354K [0x00000000c0000000, 0x0000000100000000)
  region size 1024K, 13 young (13312K), 1 survivors (1024K)
 Metaspace       used 53760K, committed 54208K, reserved 1114112K
  class space    used 6693K, committed 6912K, reserved 1048576K
}

