# JRE version: OpenJDK Runtime Environment Temurin-17.0.9+9 (17.0.9+9) (build 17.0.9+9)
# Java VM: OpenJDK 64-Bit Server VM Temurin-17.0.9+9 (17.0.9+9, mixed mode, tiered, compressed oops, compressed class ptrs, parallel gc, windows-amd64)
GC Precious Log:
 CPUs: 4 total, 4 available
 Memory: 3959M
 Large Page Support: Disabled
 NUMA Support: Disabled
 Compressed Oops: Enabled (32-bit)
 Alignments: Space 512K, Generation 512K, Heap 2M
 Heap Min Capacity: 100M
 Heap Initial Capacity: 100M
 Heap Max Capacity: 1G
 Pre-touch: Disabled
 Parallel Workers: 4
Heap:
 PSYoungGen      total 23552K, used 21913K [0x00000000eab00000, 0x00000000ec500000, 0x0000000100000000)
  eden space 22016K, 93% used [0x00000000eab00000,0x00000000ebf17370,0x00000000ec080000)
  from space 1536K, 87% used [0x00000000ec380000,0x00000000ec4cf3f0,0x00000000ec500000)
  to   space 2048K, 0% used [0x00000000ec100000,0x00000000ec100000,0x00000000ec300000)
 ParOldGen       total 68608K, used 21611K [0x00000000c0000000, 0x00000000c4300000, 0x00000000eab00000)
  object space 68608K, 31% used [0x00000000c0000000,0x00000000c151ac48,0x00000000c4300000)
 Metaspace       used 46800K, committed 47552K, reserved 1114112K
  class space    used 4706K, committed 5056K, reserved 1048576K
GC Heap History (20 events):
Event: 7.188 GC heap before
{Heap before GC invocations=9 (full 1):
 PSYoungGen      total 25088K, used 25086K [0x00000000eab00000, 0x00000000ec680000, 0x0000000100000000)
  eden space 24064K, 100% used [0x00000000eab00000,0x00000000ec280000,0x00000000ec280000)
  from space 1024K, 99% used [0x00000000ec500000,0x00000000ec5ff978,0x00000000ec600000)
  to   space 512K, 0% used [0x00000000ec600000,0x00000000ec600000,0x00000000ec680000)
 ParOldGen       total 68608K, used 8202K [0x00000000c0000000, 0x00000000c4300000, 0x00000000eab00000)
  object space 68608K, 11% used [0x00000000c0000000,0x00000000c08029b8,0x00000000c4300000)
 Metaspace       used 33155K, committed 33792K, reserved 1114112K
  class space    used 3257K, committed 3584K, reserved 1048576K
}
Event: 7.192 GC heap after
{Heap after GC invocations=9 (full 1):
 PSYoungGen      total 24064K, used 494K [0x00000000eab00000, 0x00000000ec700000, 0x0000000100000000)
  eden space 23552K, 0% used [0x00000000eab00000,0x00000000eab00000,0x00000000ec200000)
  from space 512K, 96% used [0x00000000ec600000,0x00000000ec67ba18,0x00000000ec680000)
  to   space 2560K, 0% used [0x00000000ec200000,0x00000000ec200000,0x00000000ec480000)
 ParOldGen       total 68608K, used 9770K [0x00000000c0000000, 0x00000000c4300000, 0x00000000eab00000)
  object space 68608K, 14% used [0x00000000c0000000,0x00000000c098abe8,0x00000000c4300000)
 Metaspace       used 33155K, committed 33792K, reserved 1114112K
  class space    used 3257K, committed 3584K, reserved 1048576K
}
Event: 8.040 GC heap before
{Heap before GC invocations=10 (full 1):
 PSYoungGen      total 24064K, used 18721K [0x00000000eab00000, 0x00000000ec700000, 0x0000000100000000)
  eden space 23552K, 77% used [0x00000000eab00000,0x00000000ebccca48,0x00000000ec200000)
  from space 512K, 96% used [0x00000000ec600000,0x00000000ec67ba18,0x00000000ec680000)
  to   space 2560K, 0% used [0x00000000ec200000,0x00000000ec200000,0x00000000ec480000)
 ParOldGen       total 68608K, used 9770K [0x00000000c0000000, 0x00000000c4300000, 0x00000000eab00000)
  object space 68608K, 14% used [0x00000000c0000000,0x00000000c098abe8,0x00000000c4300000)
 Metaspace       used 35192K, committed 35840K, reserved 1114112K
  class space    used 3506K, committed 3776K, reserved 1048576K
}
Event: 8.042 GC heap after
{Heap after GC invocations=10 (full 1):
 PSYoungGen      total 26112K, used 1135K [0x00000000eab00000, 0x00000000ec680000, 0x0000000100000000)
  eden space 23552K, 0% used [0x00000000eab00000,0x00000000eab00000,0x00000000ec200000)
  from space 2560K, 44% used [0x00000000ec200000,0x00000000ec31bd28,0x00000000ec480000)
  to   space 1536K, 0% used [0x00000000ec500000,0x00000000ec500000,0x00000000ec680000)
 ParOldGen       total 68608K, used 9874K [0x00000000c0000000, 0x00000000c4300000, 0x00000000eab00000)
  object space 68608K, 14% used [0x00000000c0000000,0x00000000c09a4be8,0x00000000c4300000)
 Metaspace       used 35192K, committed 35840K, reserved 1114112K
  class space    used 3506K, committed 3776K, reserved 1048576K
}
Event: 8.042 GC heap before
{Heap before GC invocations=11 (full 2):
 PSYoungGen      total 26112K, used 1135K [0x00000000eab00000, 0x00000000ec680000, 0x0000000100000000)
  eden space 23552K, 0% used [0x00000000eab00000,0x00000000eab00000,0x00000000ec200000)
  from space 2560K, 44% used [0x00000000ec200000,0x00000000ec31bd28,0x00000000ec480000)
  to   space 1536K, 0% used [0x00000000ec500000,0x00000000ec500000,0x00000000ec680000)
 ParOldGen       total 68608K, used 9874K [0x00000000c0000000, 0x00000000c4300000, 0x00000000eab00000)
  object space 68608K, 14% used [0x00000000c0000000,0x00000000c09a4be8,0x00000000c4300000)
 Metaspace       used 35192K, committed 35840K, reserved 1114112K
  class space    used 3506K, committed 3776K, reserved 1048576K
}
Event: 8.079 GC heap after
{Heap after GC invocations=11 (full 2):
 PSYoungGen      total 26112K, used 0K [0x00000000eab00000, 0x00000000ec680000, 0x0000000100000000)
  eden space 23552K, 0% used [0x00000000eab00000,0x00000000eab00000,0x00000000ec200000)
  from space 2560K, 0% used [0x00000000ec200000,0x00000000ec200000,0x00000000ec480000)
  to   space 1536K, 0% used [0x00000000ec500000,0x00000000ec500000,0x00000000ec680000)
 ParOldGen       total 68608K, used 10467K [0x00000000c0000000, 0x00000000c4300000, 0x00000000eab00000)
  object space 68608K, 15% used [0x00000000c0000000,0x00000000c0a38cf8,0x00000000c4300000)
 Metaspace       used 35192K, committed 35840K, reserved 1114112K
  class space    used 3506K, committed 3776K, reserved 1048576K
}
Event: 8.589 GC heap before
{Heap before GC invocations=12 (full 2):
 PSYoungGen      total 26112K, used 23552K [0x00000000eab00000, 0x00000000ec680000, 0x0000000100000000)
  eden space 23552K, 100% used [0x00000000eab00000,0x00000000ec200000,0x00000000ec200000)
  from space 2560K, 0% used [0x00000000ec200000,0x00000000ec200000,0x00000000ec480000)
  to   space 1536K, 0% used [0x00000000ec500000,0x00000000ec500000,0x00000000ec680000)
 ParOldGen       total 68608K, used 10467K [0x00000000c0000000, 0x00000000c4300000, 0x00000000eab00000)
  object space 68608K, 15% used [0x00000000c0000000,0x00000000c0a38cf8,0x00000000c4300000)
 Metaspace       used 37594K, committed 38272K, reserved 1114112K
  class space    used 3811K, committed 4096K, reserved 1048576K
}
Event: 8.593 GC heap after
{Heap after GC invocations=12 (full 2):
 PSYoungGen      total 23552K, used 1513K [0x00000000eab00000, 0x00000000eca80000, 0x0000000100000000)
  eden space 22016K, 0% used [0x00000000eab00000,0x00000000eab00000,0x00000000ec080000)
  from space 1536K, 98% used [0x00000000ec500000,0x00000000ec67a710,0x00000000ec680000)
  to   space 4608K, 0% used [0x00000000ec080000,0x00000000ec080000,0x00000000ec500000)
 ParOldGen       total 68608K, used 12941K [0x00000000c0000000, 0x00000000c4300000, 0x00000000eab00000)
  object space 68608K, 18% used [0x00000000c0000000,0x00000000c0ca3568,0x00000000c4300000)
 Metaspace       used 37594K, committed 38272K, reserved 1114112K
  class space    used 3811K, committed 4096K, reserved 1048576K
}
Event: 9.080 GC heap before
{Heap before GC invocations=13 (full 2):
 PSYoungGen      total 23552K, used 23529K [0x00000000eab00000, 0x00000000eca80000, 0x0000000100000000)
  eden space 22016K, 100% used [0x00000000eab00000,0x00000000ec080000,0x00000000ec080000)
  from space 1536K, 98% used [0x00000000ec500000,0x00000000ec67a710,0x00000000ec680000)
  to   space 4608K, 0% used [0x00000000ec080000,0x00000000ec080000,0x00000000ec500000)
 ParOldGen       total 68608K, used 12941K [0x00000000c0000000, 0x00000000c4300000, 0x00000000eab00000)
  object space 68608K, 18% used [0x00000000c0000000,0x00000000c0ca3568,0x00000000c4300000)
 Metaspace       used 38470K, committed 39168K, reserved 1114112K
  class space    used 3912K, committed 4224K, reserved 1048576K
}
Event: 9.087 GC heap after
{Heap after GC invocations=13 (full 2):
 PSYoungGen      total 26112K, used 3616K [0x00000000eab00000, 0x00000000ec880000, 0x0000000100000000)
  eden space 22016K, 0% used [0x00000000eab00000,0x00000000eab00000,0x00000000ec080000)
  from space 4096K, 88% used [0x00000000ec080000,0x00000000ec408000,0x00000000ec480000)
  to   space 4096K, 0% used [0x00000000ec480000,0x00000000ec480000,0x00000000ec880000)
 ParOldGen       total 68608K, used 14184K [0x00000000c0000000, 0x00000000c4300000, 0x00000000eab00000)
  object space 68608K, 20% used [0x00000000c0000000,0x00000000c0dda398,0x00000000c4300000)
 Metaspace       used 38470K, committed 39168K, reserved 1114112K
  class space    used 3912K, committed 4224K, reserved 1048576K
}
Event: 9.771 GC heap before
{Heap before GC invocations=14 (full 2):
 PSYoungGen      total 26112K, used 25573K [0x00000000eab00000, 0x00000000ec880000, 0x0000000100000000)
  eden space 22016K, 99% used [0x00000000eab00000,0x00000000ec0716c0,0x00000000ec080000)
  from space 4096K, 88% used [0x00000000ec080000,0x00000000ec408000,0x00000000ec480000)
  to   space 4096K, 0% used [0x00000000ec480000,0x00000000ec480000,0x00000000ec880000)
 ParOldGen       total 68608K, used 14184K [0x00000000c0000000, 0x00000000c4300000, 0x00000000eab00000)
  object space 68608K, 20% used [0x00000000c0000000,0x00000000c0dda398,0x00000000c4300000)
 Metaspace       used 39936K, committed 40640K, reserved 1114112K
  class space    used 4063K, committed 4352K, reserved 1048576K
}
Event: 9.776 GC heap after
{Heap after GC invocations=14 (full 2):
 PSYoungGen      total 22528K, used 384K [0x00000000eab00000, 0x00000000ec500000, 0x0000000100000000)
  eden space 22016K, 0% used [0x00000000eab00000,0x00000000eab00000,0x00000000ec080000)
  from space 512K, 75% used [0x00000000ec480000,0x00000000ec4e0000,0x00000000ec500000)
  to   space 2048K, 0% used [0x00000000ec100000,0x00000000ec100000,0x00000000ec300000)
 ParOldGen       total 68608K, used 17735K [0x00000000c0000000, 0x00000000c4300000, 0x00000000eab00000)
  object space 68608K, 25% used [0x00000000c0000000,0x00000000c1151f78,0x00000000c4300000)
 Metaspace       used 39936K, committed 40640K, reserved 1114112K
  class space    used 4063K, committed 4352K, reserved 1048576K
}
Event: 10.409 GC heap before
{Heap before GC invocations=15 (full 2):
 PSYoungGen      total 22528K, used 21486K [0x00000000eab00000, 0x00000000ec500000, 0x0000000100000000)
  eden space 22016K, 95% used [0x00000000eab00000,0x00000000ebf9b938,0x00000000ec080000)
  from space 512K, 75% used [0x00000000ec480000,0x00000000ec4e0000,0x00000000ec500000)
  to   space 2048K, 0% used [0x00000000ec100000,0x00000000ec100000,0x00000000ec300000)
 ParOldGen       total 68608K, used 17735K [0x00000000c0000000, 0x00000000c4300000, 0x00000000eab00000)
  object space 68608K, 25% used [0x00000000c0000000,0x00000000c1151f78,0x00000000c4300000)
 Metaspace       used 42153K, committed 42880K, reserved 1114112K
  class space    used 4274K, committed 4608K, reserved 1048576K
}
Event: 10.413 GC heap after
{Heap after GC invocations=15 (full 2):
 PSYoungGen      total 24064K, used 1248K [0x00000000eab00000, 0x00000000ec500000, 0x0000000100000000)
  eden space 22016K, 0% used [0x00000000eab00000,0x00000000eab00000,0x00000000ec080000)
  from space 2048K, 60% used [0x00000000ec100000,0x00000000ec238010,0x00000000ec300000)
  to   space 1536K, 0% used [0x00000000ec380000,0x00000000ec380000,0x00000000ec500000)
 ParOldGen       total 68608K, used 18031K [0x00000000c0000000, 0x00000000c4300000, 0x00000000eab00000)
  object space 68608K, 26% used [0x00000000c0000000,0x00000000c119bf78,0x00000000c4300000)
 Metaspace       used 42153K, committed 42880K, reserved 1114112K
  class space    used 4274K, committed 4608K, reserved 1048576K
}
Event: 10.798 GC heap before
{Heap before GC invocations=16 (full 2):
 PSYoungGen      total 24064K, used 21835K [0x00000000eab00000, 0x00000000ec500000, 0x0000000100000000)
  eden space 22016K, 93% used [0x00000000eab00000,0x00000000ebf1af20,0x00000000ec080000)
  from space 2048K, 60% used [0x00000000ec100000,0x00000000ec238010,0x00000000ec300000)
  to   space 1536K, 0% used [0x00000000ec380000,0x00000000ec380000,0x00000000ec500000)
 ParOldGen       total 68608K, used 18031K [0x00000000c0000000, 0x00000000c4300000, 0x00000000eab00000)
  object space 68608K, 26% used [0x00000000c0000000,0x00000000c119bf78,0x00000000c4300000)
 Metaspace       used 43403K, committed 44160K, reserved 1114112K
  class space    used 4431K, committed 4736K, reserved 1048576K
}
Event: 10.802 GC heap after
{Heap after GC invocations=16 (full 2):
 PSYoungGen      total 22528K, used 448K [0x00000000eab00000, 0x00000000ec400000, 0x0000000100000000)
  eden space 22016K, 0% used [0x00000000eab00000,0x00000000eab00000,0x00000000ec080000)
  from space 512K, 87% used [0x00000000ec380000,0x00000000ec3f0000,0x00000000ec400000)
  to   space 1024K, 0% used [0x00000000ec200000,0x00000000ec200000,0x00000000ec300000)
 ParOldGen       total 68608K, used 19145K [0x00000000c0000000, 0x00000000c4300000, 0x00000000eab00000)
  object space 68608K, 27% used [0x00000000c0000000,0x00000000c12b2628,0x00000000c4300000)
 Metaspace       used 43403K, committed 44160K, reserved 1114112K
  class space    used 4431K, committed 4736K, reserved 1048576K
}
Event: 11.399 GC heap before
{Heap before GC invocations=17 (full 2):
 PSYoungGen      total 22528K, used 22416K [0x00000000eab00000, 0x00000000ec400000, 0x0000000100000000)
  eden space 22016K, 99% used [0x00000000eab00000,0x00000000ec074278,0x00000000ec080000)
  from space 512K, 87% used [0x00000000ec380000,0x00000000ec3f0000,0x00000000ec400000)
  to   space 1024K, 0% used [0x00000000ec200000,0x00000000ec200000,0x00000000ec300000)
 ParOldGen       total 68608K, used 19145K [0x00000000c0000000, 0x00000000c4300000, 0x00000000eab00000)
  object space 68608K, 27% used [0x00000000c0000000,0x00000000c12b2628,0x00000000c4300000)
 Metaspace       used 44790K, committed 45440K, reserved 1114112K
  class space    used 4525K, committed 4800K, reserved 1048576K
}
Event: 11.402 GC heap after
{Heap after GC invocations=17 (full 2):
 PSYoungGen      total 23040K, used 1001K [0x00000000eab00000, 0x00000000ec680000, 0x0000000100000000)
  eden space 22016K, 0% used [0x00000000eab00000,0x00000000eab00000,0x00000000ec080000)
  from space 1024K, 97% used [0x00000000ec200000,0x00000000ec2fa590,0x00000000ec300000)
  to   space 3072K, 0% used [0x00000000ec380000,0x00000000ec380000,0x00000000ec680000)
 ParOldGen       total 68608K, used 20610K [0x00000000c0000000, 0x00000000c4300000, 0x00000000eab00000)
  object space 68608K, 30% used [0x00000000c0000000,0x00000000c1420a60,0x00000000c4300000)
 Metaspace       used 44790K, committed 45440K, reserved 1114112K
  class space    used 4525K, committed 4800K, reserved 1048576K
}
Event: 11.649 GC heap before
{Heap before GC invocations=18 (full 2):
 PSYoungGen      total 23040K, used 23017K [0x00000000eab00000, 0x00000000ec680000, 0x0000000100000000)
  eden space 22016K, 100% used [0x00000000eab00000,0x00000000ec080000,0x00000000ec080000)
  from space 1024K, 97% used [0x00000000ec200000,0x00000000ec2fa590,0x00000000ec300000)
  to   space 3072K, 0% used [0x00000000ec380000,0x00000000ec380000,0x00000000ec680000)
 ParOldGen       total 68608K, used 20610K [0x00000000c0000000, 0x00000000c4300000, 0x00000000eab00000)
  object space 68608K, 30% used [0x00000000c0000000,0x00000000c1420a60,0x00000000c4300000)
 Metaspace       used 45014K, committed 45760K, reserved 1114112K
  class space    used 4539K, committed 4864K, reserved 1048576K
}
Event: 11.653 GC heap after
{Heap after GC invocations=18 (full 2):
 PSYoungGen      total 23552K, used 1340K [0x00000000eab00000, 0x00000000ec500000, 0x0000000100000000)
  eden space 22016K, 0% used [0x00000000eab00000,0x00000000eab00000,0x00000000ec080000)
  from space 1536K, 87% used [0x00000000ec380000,0x00000000ec4cf3f0,0x00000000ec500000)
  to   space 2048K, 0% used [0x00000000ec100000,0x00000000ec100000,0x00000000ec300000)
 ParOldGen       total 68608K, used 21611K [0x00000000c0000000, 0x00000000c4300000, 0x00000000eab00000)
  object space 68608K, 31% used [0x00000000c0000000,0x00000000c151ac48,0x00000000c4300000)
 Metaspace       used 45014K, committed 45760K, reserved 1114112K
  class space    used 4539K, committed 4864K, reserved 1048576K
}

