# JRE version: OpenJDK Runtime Environment Temurin-17.0.9+9 (17.0.9+9) (build 17.0.9+9)
# Java VM: OpenJDK 64-Bit Server VM Temurin-17.0.9+9 (17.0.9+9, mixed mode, emulated-client, tiered, compressed oops, compressed class ptrs, g1 gc, windows-amd64)
GC Precious Log:
 CPUs: 4 total, 4 available
 Memory: 3959M
 Large Page Support: Disabled
 NUMA Support: Disabled
 Compressed Oops: Enabled (32-bit)
 Heap Region Size: 1M
 Heap Min Capacity: 8M
 Heap Initial Capacity: 62M
 Heap Max Capacity: 1G
 Pre-touch: Disabled
 Parallel Workers: 4
 Concurrent Workers: 1
 Concurrent Refinement Workers: 4
 Periodic GC: Disabled
Heap:
 garbage-first heap   total 83968K, used 29214K [0x00000000c0000000, 0x0000000100000000)
  region size 1024K, 1 young (1024K), 0 survivors (0K)
 Metaspace       used 54808K, committed 55424K, reserved 1114112K
  class space    used 6775K, committed 7040K, reserved 1048576K
GC Heap History (20 events):
Event: 537.607 GC heap before
{Heap before GC invocations=53 (full 31):
 garbage-first heap   total 83968K, used 29214K [0x00000000c0000000, 0x0000000100000000)
  region size 1024K, 1 young (1024K), 0 survivors (0K)
 Metaspace       used 54808K, committed 55424K, reserved 1114112K
  class space    used 6775K, committed 7040K, reserved 1048576K
}
Event: 537.660 GC heap after
{Heap after GC invocations=54 (full 32):
 garbage-first heap   total 83968K, used 29214K [0x00000000c0000000, 0x0000000100000000)
  region size 1024K, 0 young (0K), 0 survivors (0K)
 Metaspace       used 54808K, committed 55424K, reserved 1114112K
  class space    used 6775K, committed 7040K, reserved 1048576K
}
Event: 547.845 GC heap before
{Heap before GC invocations=54 (full 32):
 garbage-first heap   total 83968K, used 29214K [0x00000000c0000000, 0x0000000100000000)
  region size 1024K, 1 young (1024K), 0 survivors (0K)
 Metaspace       used 54808K, committed 55424K, reserved 1114112K
  class space    used 6775K, committed 7040K, reserved 1048576K
}
Event: 547.879 GC heap after
{Heap after GC invocations=55 (full 33):
 garbage-first heap   total 83968K, used 29214K [0x00000000c0000000, 0x0000000100000000)
  region size 1024K, 0 young (0K), 0 survivors (0K)
 Metaspace       used 54808K, committed 55424K, reserved 1114112K
  class space    used 6775K, committed 7040K, reserved 1048576K
}
Event: 558.029 GC heap before
{Heap before GC invocations=55 (full 33):
 garbage-first heap   total 83968K, used 29214K [0x00000000c0000000, 0x0000000100000000)
  region size 1024K, 1 young (1024K), 0 survivors (0K)
 Metaspace       used 54808K, committed 55424K, reserved 1114112K
  class space    used 6775K, committed 7040K, reserved 1048576K
}
Event: 558.064 GC heap after
{Heap after GC invocations=56 (full 34):
 garbage-first heap   total 83968K, used 29214K [0x00000000c0000000, 0x0000000100000000)
  region size 1024K, 0 young (0K), 0 survivors (0K)
 Metaspace       used 54808K, committed 55424K, reserved 1114112K
  class space    used 6775K, committed 7040K, reserved 1048576K
}
Event: 568.256 GC heap before
{Heap before GC invocations=56 (full 34):
 garbage-first heap   total 83968K, used 29214K [0x00000000c0000000, 0x0000000100000000)
  region size 1024K, 1 young (1024K), 0 survivors (0K)
 Metaspace       used 54808K, committed 55424K, reserved 1114112K
  class space    used 6775K, committed 7040K, reserved 1048576K
}
Event: 568.300 GC heap after
{Heap after GC invocations=57 (full 35):
 garbage-first heap   total 83968K, used 29214K [0x00000000c0000000, 0x0000000100000000)
  region size 1024K, 0 young (0K), 0 survivors (0K)
 Metaspace       used 54808K, committed 55424K, reserved 1114112K
  class space    used 6775K, committed 7040K, reserved 1048576K
}
Event: 578.729 GC heap before
{Heap before GC invocations=57 (full 35):
 garbage-first heap   total 83968K, used 29214K [0x00000000c0000000, 0x0000000100000000)
  region size 1024K, 1 young (1024K), 0 survivors (0K)
 Metaspace       used 54808K, committed 55424K, reserved 1114112K
  class space    used 6775K, committed 7040K, reserved 1048576K
}
Event: 578.782 GC heap after
{Heap after GC invocations=58 (full 36):
 garbage-first heap   total 83968K, used 29214K [0x00000000c0000000, 0x0000000100000000)
  region size 1024K, 0 young (0K), 0 survivors (0K)
 Metaspace       used 54808K, committed 55424K, reserved 1114112K
  class space    used 6775K, committed 7040K, reserved 1048576K
}
Event: 588.950 GC heap before
{Heap before GC invocations=58 (full 36):
 garbage-first heap   total 83968K, used 29214K [0x00000000c0000000, 0x0000000100000000)
  region size 1024K, 1 young (1024K), 0 survivors (0K)
 Metaspace       used 54808K, committed 55424K, reserved 1114112K
  class space    used 6775K, committed 7040K, reserved 1048576K
}
Event: 588.993 GC heap after
{Heap after GC invocations=59 (full 37):
 garbage-first heap   total 83968K, used 29214K [0x00000000c0000000, 0x0000000100000000)
  region size 1024K, 0 young (0K), 0 survivors (0K)
 Metaspace       used 54808K, committed 55424K, reserved 1114112K
  class space    used 6775K, committed 7040K, reserved 1048576K
}
Event: 599.154 GC heap before
{Heap before GC invocations=59 (full 37):
 garbage-first heap   total 83968K, used 29214K [0x00000000c0000000, 0x0000000100000000)
  region size 1024K, 1 young (1024K), 0 survivors (0K)
 Metaspace       used 54808K, committed 55424K, reserved 1114112K
  class space    used 6775K, committed 7040K, reserved 1048576K
}
Event: 599.196 GC heap after
{Heap after GC invocations=60 (full 38):
 garbage-first heap   total 83968K, used 29214K [0x00000000c0000000, 0x0000000100000000)
  region size 1024K, 0 young (0K), 0 survivors (0K)
 Metaspace       used 54808K, committed 55424K, reserved 1114112K
  class space    used 6775K, committed 7040K, reserved 1048576K
}
Event: 609.343 GC heap before
{Heap before GC invocations=60 (full 38):
 garbage-first heap   total 83968K, used 29214K [0x00000000c0000000, 0x0000000100000000)
  region size 1024K, 1 young (1024K), 0 survivors (0K)
 Metaspace       used 54808K, committed 55424K, reserved 1114112K
  class space    used 6775K, committed 7040K, reserved 1048576K
}
Event: 609.386 GC heap after
{Heap after GC invocations=61 (full 39):
 garbage-first heap   total 83968K, used 29214K [0x00000000c0000000, 0x0000000100000000)
  region size 1024K, 0 young (0K), 0 survivors (0K)
 Metaspace       used 54808K, committed 55424K, reserved 1114112K
  class space    used 6775K, committed 7040K, reserved 1048576K
}
Event: 619.565 GC heap before
{Heap before GC invocations=61 (full 39):
 garbage-first heap   total 83968K, used 29214K [0x00000000c0000000, 0x0000000100000000)
  region size 1024K, 1 young (1024K), 0 survivors (0K)
 Metaspace       used 54808K, committed 55424K, reserved 1114112K
  class space    used 6775K, committed 7040K, reserved 1048576K
}
Event: 619.608 GC heap after
{Heap after GC invocations=62 (full 40):
 garbage-first heap   total 83968K, used 29214K [0x00000000c0000000, 0x0000000100000000)
  region size 1024K, 0 young (0K), 0 survivors (0K)
 Metaspace       used 54808K, committed 55424K, reserved 1114112K
  class space    used 6775K, committed 7040K, reserved 1048576K
}
Event: 629.808 GC heap before
{Heap before GC invocations=62 (full 40):
 garbage-first heap   total 83968K, used 29214K [0x00000000c0000000, 0x0000000100000000)
  region size 1024K, 1 young (1024K), 0 survivors (0K)
 Metaspace       used 54808K, committed 55424K, reserved 1114112K
  class space    used 6775K, committed 7040K, reserved 1048576K
}
Event: 629.861 GC heap after
{Heap after GC invocations=63 (full 41):
 garbage-first heap   total 83968K, used 29214K [0x00000000c0000000, 0x0000000100000000)
  region size 1024K, 0 young (0K), 0 survivors (0K)
 Metaspace       used 54808K, committed 55424K, reserved 1114112K
  class space    used 6775K, committed 7040K, reserved 1048576K
}

