# JRE version: OpenJDK Runtime Environment Temurin-17.0.9+9 (17.0.9+9) (build 17.0.9+9)
# Java VM: OpenJDK 64-Bit Server VM Temurin-17.0.9+9 (17.0.9+9, mixed mode, tiered, compressed oops, compressed class ptrs, parallel gc, windows-amd64)
GC Precious Log:
 CPUs: 4 total, 4 available
 Memory: 3959M
 Large Page Support: Disabled
 NUMA Support: Disabled
 Compressed Oops: Enabled (32-bit)
 Alignments: Space 512K, Generation 512K, Heap 2M
 Heap Min Capacity: 100M
 Heap Initial Capacity: 100M
 Heap Max Capacity: 1G
 Pre-touch: Disabled
 Parallel Workers: 4
Heap:
 PSYoungGen      total 19968K, used 9633K [0x00000000eab00000, 0x00000000ec100000, 0x0000000100000000)
  eden space 19456K, 47% used [0x00000000eab00000,0x00000000eb40c5d0,0x00000000ebe00000)
  from space 512K, 71% used [0x00000000ec080000,0x00000000ec0dc010,0x00000000ec100000)
  to   space 1024K, 0% used [0x00000000ebf00000,0x00000000ebf00000,0x00000000ec000000)
 ParOldGen       total 68608K, used 38833K [0x00000000c0000000, 0x00000000c4300000, 0x00000000eab00000)
  object space 68608K, 56% used [0x00000000c0000000,0x00000000c25ec578,0x00000000c4300000)
 Metaspace       used 50847K, committed 51712K, reserved 1114112K
  class space    used 5022K, committed 5440K, reserved 1048576K
GC Heap History (20 events):
Event: 316.807 GC heap before
{Heap before GC invocations=23 (full 2):
 PSYoungGen      total 19968K, used 19475K [0x00000000eab00000, 0x00000000ec100000, 0x0000000100000000)
  eden space 19456K, 99% used [0x00000000eab00000,0x00000000ebde4eb0,0x00000000ebe00000)
  from space 512K, 25% used [0x00000000ec080000,0x00000000ec0a0000,0x00000000ec100000)
  to   space 512K, 0% used [0x00000000ec000000,0x00000000ec000000,0x00000000ec080000)
 ParOldGen       total 68608K, used 28668K [0x00000000c0000000, 0x00000000c4300000, 0x00000000eab00000)
  object space 68608K, 41% used [0x00000000c0000000,0x00000000c1bff1f0,0x00000000c4300000)
 Metaspace       used 50248K, committed 51072K, reserved 1114112K
  class space    used 5013K, committed 5376K, reserved 1048576K
}
Event: 316.809 GC heap after
{Heap after GC invocations=23 (full 2):
 PSYoungGen      total 19968K, used 128K [0x00000000eab00000, 0x00000000ec100000, 0x0000000100000000)
  eden space 19456K, 0% used [0x00000000eab00000,0x00000000eab00000,0x00000000ebe00000)
  from space 512K, 25% used [0x00000000ec000000,0x00000000ec020000,0x00000000ec080000)
  to   space 512K, 0% used [0x00000000ec080000,0x00000000ec080000,0x00000000ec100000)
 ParOldGen       total 68608K, used 32419K [0x00000000c0000000, 0x00000000c4300000, 0x00000000eab00000)
  object space 68608K, 47% used [0x00000000c0000000,0x00000000c1fa8e50,0x00000000c4300000)
 Metaspace       used 50248K, committed 51072K, reserved 1114112K
  class space    used 5013K, committed 5376K, reserved 1048576K
}
Event: 316.904 GC heap before
{Heap before GC invocations=24 (full 2):
 PSYoungGen      total 19968K, used 17932K [0x00000000eab00000, 0x00000000ec100000, 0x0000000100000000)
  eden space 19456K, 91% used [0x00000000eab00000,0x00000000ebc63160,0x00000000ebe00000)
  from space 512K, 25% used [0x00000000ec000000,0x00000000ec020000,0x00000000ec080000)
  to   space 512K, 0% used [0x00000000ec080000,0x00000000ec080000,0x00000000ec100000)
 ParOldGen       total 68608K, used 32419K [0x00000000c0000000, 0x00000000c4300000, 0x00000000eab00000)
  object space 68608K, 47% used [0x00000000c0000000,0x00000000c1fa8e50,0x00000000c4300000)
 Metaspace       used 50262K, committed 51072K, reserved 1114112K
  class space    used 5013K, committed 5376K, reserved 1048576K
}
Event: 316.904 GC heap after
{Heap after GC invocations=24 (full 2):
 PSYoungGen      total 19968K, used 160K [0x00000000eab00000, 0x00000000ec100000, 0x0000000100000000)
  eden space 19456K, 0% used [0x00000000eab00000,0x00000000eab00000,0x00000000ebe00000)
  from space 512K, 31% used [0x00000000ec080000,0x00000000ec0a8000,0x00000000ec100000)
  to   space 512K, 0% used [0x00000000ec000000,0x00000000ec000000,0x00000000ec080000)
 ParOldGen       total 68608K, used 32459K [0x00000000c0000000, 0x00000000c4300000, 0x00000000eab00000)
  object space 68608K, 47% used [0x00000000c0000000,0x00000000c1fb2e50,0x00000000c4300000)
 Metaspace       used 50262K, committed 51072K, reserved 1114112K
  class space    used 5013K, committed 5376K, reserved 1048576K
}
Event: 316.995 GC heap before
{Heap before GC invocations=25 (full 2):
 PSYoungGen      total 19968K, used 17866K [0x00000000eab00000, 0x00000000ec100000, 0x0000000100000000)
  eden space 19456K, 91% used [0x00000000eab00000,0x00000000ebc4a980,0x00000000ebe00000)
  from space 512K, 31% used [0x00000000ec080000,0x00000000ec0a8000,0x00000000ec100000)
  to   space 512K, 0% used [0x00000000ec000000,0x00000000ec000000,0x00000000ec080000)
 ParOldGen       total 68608K, used 32459K [0x00000000c0000000, 0x00000000c4300000, 0x00000000eab00000)
  object space 68608K, 47% used [0x00000000c0000000,0x00000000c1fb2e50,0x00000000c4300000)
 Metaspace       used 50266K, committed 51072K, reserved 1114112K
  class space    used 5013K, committed 5376K, reserved 1048576K
}
Event: 316.996 GC heap after
{Heap after GC invocations=25 (full 2):
 PSYoungGen      total 19968K, used 128K [0x00000000eab00000, 0x00000000ec100000, 0x0000000100000000)
  eden space 19456K, 0% used [0x00000000eab00000,0x00000000eab00000,0x00000000ebe00000)
  from space 512K, 25% used [0x00000000ec000000,0x00000000ec020000,0x00000000ec080000)
  to   space 512K, 0% used [0x00000000ec080000,0x00000000ec080000,0x00000000ec100000)
 ParOldGen       total 68608K, used 32579K [0x00000000c0000000, 0x00000000c4300000, 0x00000000eab00000)
  object space 68608K, 47% used [0x00000000c0000000,0x00000000c1fd0e50,0x00000000c4300000)
 Metaspace       used 50266K, committed 51072K, reserved 1114112K
  class space    used 5013K, committed 5376K, reserved 1048576K
}
Event: 317.140 GC heap before
{Heap before GC invocations=26 (full 2):
 PSYoungGen      total 19968K, used 19548K [0x00000000eab00000, 0x00000000ec100000, 0x0000000100000000)
  eden space 19456K, 99% used [0x00000000eab00000,0x00000000ebdf7208,0x00000000ebe00000)
  from space 512K, 25% used [0x00000000ec000000,0x00000000ec020000,0x00000000ec080000)
  to   space 512K, 0% used [0x00000000ec080000,0x00000000ec080000,0x00000000ec100000)
 ParOldGen       total 68608K, used 32579K [0x00000000c0000000, 0x00000000c4300000, 0x00000000eab00000)
  object space 68608K, 47% used [0x00000000c0000000,0x00000000c1fd0e50,0x00000000c4300000)
 Metaspace       used 50276K, committed 51072K, reserved 1114112K
  class space    used 5013K, committed 5376K, reserved 1048576K
}
Event: 317.142 GC heap after
{Heap after GC invocations=26 (full 2):
 PSYoungGen      total 19968K, used 152K [0x00000000eab00000, 0x00000000ec100000, 0x0000000100000000)
  eden space 19456K, 0% used [0x00000000eab00000,0x00000000eab00000,0x00000000ebe00000)
  from space 512K, 29% used [0x00000000ec080000,0x00000000ec0a6200,0x00000000ec100000)
  to   space 512K, 0% used [0x00000000ec000000,0x00000000ec000000,0x00000000ec080000)
 ParOldGen       total 68608K, used 36386K [0x00000000c0000000, 0x00000000c4300000, 0x00000000eab00000)
  object space 68608K, 53% used [0x00000000c0000000,0x00000000c2388ab0,0x00000000c4300000)
 Metaspace       used 50276K, committed 51072K, reserved 1114112K
  class space    used 5013K, committed 5376K, reserved 1048576K
}
Event: 317.231 GC heap before
{Heap before GC invocations=27 (full 2):
 PSYoungGen      total 19968K, used 18094K [0x00000000eab00000, 0x00000000ec100000, 0x0000000100000000)
  eden space 19456K, 92% used [0x00000000eab00000,0x00000000ebc858e8,0x00000000ebe00000)
  from space 512K, 29% used [0x00000000ec080000,0x00000000ec0a6200,0x00000000ec100000)
  to   space 512K, 0% used [0x00000000ec000000,0x00000000ec000000,0x00000000ec080000)
 ParOldGen       total 68608K, used 36386K [0x00000000c0000000, 0x00000000c4300000, 0x00000000eab00000)
  object space 68608K, 53% used [0x00000000c0000000,0x00000000c2388ab0,0x00000000c4300000)
 Metaspace       used 50283K, committed 51072K, reserved 1114112K
  class space    used 5013K, committed 5376K, reserved 1048576K
}
Event: 317.232 GC heap after
{Heap after GC invocations=27 (full 2):
 PSYoungGen      total 19968K, used 128K [0x00000000eab00000, 0x00000000ec100000, 0x0000000100000000)
  eden space 19456K, 0% used [0x00000000eab00000,0x00000000eab00000,0x00000000ebe00000)
  from space 512K, 25% used [0x00000000ec000000,0x00000000ec020000,0x00000000ec080000)
  to   space 512K, 0% used [0x00000000ec080000,0x00000000ec080000,0x00000000ec100000)
 ParOldGen       total 68608K, used 36523K [0x00000000c0000000, 0x00000000c4300000, 0x00000000eab00000)
  object space 68608K, 53% used [0x00000000c0000000,0x00000000c23aacb0,0x00000000c4300000)
 Metaspace       used 50283K, committed 51072K, reserved 1114112K
  class space    used 5013K, committed 5376K, reserved 1048576K
}
Event: 317.304 GC heap before
{Heap before GC invocations=28 (full 2):
 PSYoungGen      total 19968K, used 17825K [0x00000000eab00000, 0x00000000ec100000, 0x0000000100000000)
  eden space 19456K, 90% used [0x00000000eab00000,0x00000000ebc48780,0x00000000ebe00000)
  from space 512K, 25% used [0x00000000ec000000,0x00000000ec020000,0x00000000ec080000)
  to   space 512K, 0% used [0x00000000ec080000,0x00000000ec080000,0x00000000ec100000)
 ParOldGen       total 68608K, used 36523K [0x00000000c0000000, 0x00000000c4300000, 0x00000000eab00000)
  object space 68608K, 53% used [0x00000000c0000000,0x00000000c23aacb0,0x00000000c4300000)
 Metaspace       used 50286K, committed 51072K, reserved 1114112K
  class space    used 5013K, committed 5376K, reserved 1048576K
}
Event: 317.305 GC heap after
{Heap after GC invocations=28 (full 2):
 PSYoungGen      total 19968K, used 128K [0x00000000eab00000, 0x00000000ec100000, 0x0000000100000000)
  eden space 19456K, 0% used [0x00000000eab00000,0x00000000eab00000,0x00000000ebe00000)
  from space 512K, 25% used [0x00000000ec080000,0x00000000ec0a0000,0x00000000ec100000)
  to   space 512K, 0% used [0x00000000ec000000,0x00000000ec000000,0x00000000ec080000)
 ParOldGen       total 68608K, used 36595K [0x00000000c0000000, 0x00000000c4300000, 0x00000000eab00000)
  object space 68608K, 53% used [0x00000000c0000000,0x00000000c23bccb0,0x00000000c4300000)
 Metaspace       used 50286K, committed 51072K, reserved 1114112K
  class space    used 5013K, committed 5376K, reserved 1048576K
}
Event: 317.371 GC heap before
{Heap before GC invocations=29 (full 2):
 PSYoungGen      total 19968K, used 17841K [0x00000000eab00000, 0x00000000ec100000, 0x0000000100000000)
  eden space 19456K, 91% used [0x00000000eab00000,0x00000000ebc4c718,0x00000000ebe00000)
  from space 512K, 25% used [0x00000000ec080000,0x00000000ec0a0000,0x00000000ec100000)
  to   space 512K, 0% used [0x00000000ec000000,0x00000000ec000000,0x00000000ec080000)
 ParOldGen       total 68608K, used 36595K [0x00000000c0000000, 0x00000000c4300000, 0x00000000eab00000)
  object space 68608K, 53% used [0x00000000c0000000,0x00000000c23bccb0,0x00000000c4300000)
 Metaspace       used 50303K, committed 51072K, reserved 1114112K
  class space    used 5013K, committed 5376K, reserved 1048576K
}
Event: 317.372 GC heap after
{Heap after GC invocations=29 (full 2):
 PSYoungGen      total 19968K, used 128K [0x00000000eab00000, 0x00000000ec100000, 0x0000000100000000)
  eden space 19456K, 0% used [0x00000000eab00000,0x00000000eab00000,0x00000000ebe00000)
  from space 512K, 25% used [0x00000000ec000000,0x00000000ec020000,0x00000000ec080000)
  to   space 512K, 0% used [0x00000000ec080000,0x00000000ec080000,0x00000000ec100000)
 ParOldGen       total 68608K, used 36659K [0x00000000c0000000, 0x00000000c4300000, 0x00000000eab00000)
  object space 68608K, 53% used [0x00000000c0000000,0x00000000c23cccb0,0x00000000c4300000)
 Metaspace       used 50303K, committed 51072K, reserved 1114112K
  class space    used 5013K, committed 5376K, reserved 1048576K
}
Event: 317.448 GC heap before
{Heap before GC invocations=30 (full 2):
 PSYoungGen      total 19968K, used 17770K [0x00000000eab00000, 0x00000000ec100000, 0x0000000100000000)
  eden space 19456K, 90% used [0x00000000eab00000,0x00000000ebc3a828,0x00000000ebe00000)
  from space 512K, 25% used [0x00000000ec000000,0x00000000ec020000,0x00000000ec080000)
  to   space 512K, 0% used [0x00000000ec080000,0x00000000ec080000,0x00000000ec100000)
 ParOldGen       total 68608K, used 36659K [0x00000000c0000000, 0x00000000c4300000, 0x00000000eab00000)
  object space 68608K, 53% used [0x00000000c0000000,0x00000000c23cccb0,0x00000000c4300000)
 Metaspace       used 50303K, committed 51072K, reserved 1114112K
  class space    used 5013K, committed 5376K, reserved 1048576K
}
Event: 317.449 GC heap after
{Heap after GC invocations=30 (full 2):
 PSYoungGen      total 19968K, used 96K [0x00000000eab00000, 0x00000000ec100000, 0x0000000100000000)
  eden space 19456K, 0% used [0x00000000eab00000,0x00000000eab00000,0x00000000ebe00000)
  from space 512K, 18% used [0x00000000ec080000,0x00000000ec098000,0x00000000ec100000)
  to   space 512K, 0% used [0x00000000ec000000,0x00000000ec000000,0x00000000ec080000)
 ParOldGen       total 68608K, used 36723K [0x00000000c0000000, 0x00000000c4300000, 0x00000000eab00000)
  object space 68608K, 53% used [0x00000000c0000000,0x00000000c23dccb0,0x00000000c4300000)
 Metaspace       used 50303K, committed 51072K, reserved 1114112K
  class space    used 5013K, committed 5376K, reserved 1048576K
}
Event: 363.390 GC heap before
{Heap before GC invocations=31 (full 2):
 PSYoungGen      total 19968K, used 19552K [0x00000000eab00000, 0x00000000ec100000, 0x0000000100000000)
  eden space 19456K, 100% used [0x00000000eab00000,0x00000000ebe00000,0x00000000ebe00000)
  from space 512K, 18% used [0x00000000ec080000,0x00000000ec098000,0x00000000ec100000)
  to   space 512K, 0% used [0x00000000ec000000,0x00000000ec000000,0x00000000ec080000)
 ParOldGen       total 68608K, used 36723K [0x00000000c0000000, 0x00000000c4300000, 0x00000000eab00000)
  object space 68608K, 53% used [0x00000000c0000000,0x00000000c23dccb0,0x00000000c4300000)
 Metaspace       used 50564K, committed 51392K, reserved 1114112K
  class space    used 5015K, committed 5376K, reserved 1048576K
}
Event: 363.395 GC heap after
{Heap after GC invocations=31 (full 2):
 PSYoungGen      total 19968K, used 512K [0x00000000eab00000, 0x00000000ec300000, 0x0000000100000000)
  eden space 19456K, 0% used [0x00000000eab00000,0x00000000eab00000,0x00000000ebe00000)
  from space 512K, 100% used [0x00000000ec000000,0x00000000ec080000,0x00000000ec080000)
  to   space 2560K, 0% used [0x00000000ec080000,0x00000000ec080000,0x00000000ec300000)
 ParOldGen       total 68608K, used 38319K [0x00000000c0000000, 0x00000000c4300000, 0x00000000eab00000)
  object space 68608K, 55% used [0x00000000c0000000,0x00000000c256bc78,0x00000000c4300000)
 Metaspace       used 50564K, committed 51392K, reserved 1114112K
  class space    used 5015K, committed 5376K, reserved 1048576K
}
Event: 445.978 GC heap before
{Heap before GC invocations=32 (full 2):
 PSYoungGen      total 19968K, used 19968K [0x00000000eab00000, 0x00000000ec300000, 0x0000000100000000)
  eden space 19456K, 100% used [0x00000000eab00000,0x00000000ebe00000,0x00000000ebe00000)
  from space 512K, 100% used [0x00000000ec000000,0x00000000ec080000,0x00000000ec080000)
  to   space 2560K, 0% used [0x00000000ec080000,0x00000000ec080000,0x00000000ec300000)
 ParOldGen       total 68608K, used 38319K [0x00000000c0000000, 0x00000000c4300000, 0x00000000eab00000)
  object space 68608K, 55% used [0x00000000c0000000,0x00000000c256bc78,0x00000000c4300000)
 Metaspace       used 50768K, committed 51648K, reserved 1114112K
  class space    used 5021K, committed 5440K, reserved 1048576K
}
Event: 445.980 GC heap after
{Heap after GC invocations=32 (full 2):
 PSYoungGen      total 19968K, used 368K [0x00000000eab00000, 0x00000000ec100000, 0x0000000100000000)
  eden space 19456K, 0% used [0x00000000eab00000,0x00000000eab00000,0x00000000ebe00000)
  from space 512K, 71% used [0x00000000ec080000,0x00000000ec0dc010,0x00000000ec100000)
  to   space 1024K, 0% used [0x00000000ebf00000,0x00000000ebf00000,0x00000000ec000000)
 ParOldGen       total 68608K, used 38833K [0x00000000c0000000, 0x00000000c4300000, 0x00000000eab00000)
  object space 68608K, 56% used [0x00000000c0000000,0x00000000c25ec578,0x00000000c4300000)
 Metaspace       used 50768K, committed 51648K, reserved 1114112K
  class space    used 5021K, committed 5440K, reserved 1048576K
}

