# JRE version: OpenJDK Runtime Environment Temurin-17.0.9+9 (17.0.9+9) (build 17.0.9+9)
# Java VM: OpenJDK 64-Bit Server VM Temurin-17.0.9+9 (17.0.9+9, mixed mode, tiered, compressed oops, compressed class ptrs, parallel gc, windows-amd64)
GC Precious Log:
 CPUs: 4 total, 4 available
 Memory: 3959M
 Large Page Support: Disabled
 NUMA Support: Disabled
 Compressed Oops: Enabled (32-bit)
 Alignments: Space 512K, Generation 512K, Heap 2M
 Heap Min Capacity: 100M
 Heap Initial Capacity: 100M
 Heap Max Capacity: 1G
 Pre-touch: Disabled
 Parallel Workers: 4
Heap:
 PSYoungGen      total 23040K, used 7440K [0x00000000eab00000, 0x00000000ec500000, 0x0000000100000000)
  eden space 22016K, 29% used [0x00000000eab00000,0x00000000eb14bdd0,0x00000000ec080000)
  from space 1024K, 97% used [0x00000000ec400000,0x00000000ec4f8588,0x00000000ec500000)
  to   space 2048K, 0% used [0x00000000ec100000,0x00000000ec100000,0x00000000ec300000)
 ParOldGen       total 68608K, used 18453K [0x00000000c0000000, 0x00000000c4300000, 0x00000000eab00000)
  object space 68608K, 26% used [0x00000000c0000000,0x00000000c1205480,0x00000000c4300000)
 Metaspace       used 43702K, committed 44544K, reserved 1114112K
  class space    used 4423K, committed 4800K, reserved 1048576K
GC Heap History (20 events):
Event: 4.000 GC heap before
{Heap before GC invocations=6 (full 1):
 PSYoungGen      total 29696K, used 25600K [0x00000000eab00000, 0x00000000ecc00000, 0x0000000100000000)
  eden space 25600K, 100% used [0x00000000eab00000,0x00000000ec400000,0x00000000ec400000)
  from space 4096K, 0% used [0x00000000ec800000,0x00000000ec800000,0x00000000ecc00000)
  to   space 4096K, 0% used [0x00000000ec400000,0x00000000ec400000,0x00000000ec800000)
 ParOldGen       total 68608K, used 6661K [0x00000000c0000000, 0x00000000c4300000, 0x00000000eab00000)
  object space 68608K, 9% used [0x00000000c0000000,0x00000000c0681728,0x00000000c4300000)
 Metaspace       used 24506K, committed 24960K, reserved 1114112K
  class space    used 2409K, committed 2624K, reserved 1048576K
}
Event: 4.001 GC heap after
{Heap after GC invocations=6 (full 1):
 PSYoungGen      total 26112K, used 602K [0x00000000eab00000, 0x00000000ec880000, 0x0000000100000000)
  eden space 25088K, 0% used [0x00000000eab00000,0x00000000eab00000,0x00000000ec380000)
  from space 1024K, 58% used [0x00000000ec400000,0x00000000ec496ab8,0x00000000ec500000)
  to   space 2560K, 0% used [0x00000000ec600000,0x00000000ec600000,0x00000000ec880000)
 ParOldGen       total 68608K, used 6669K [0x00000000c0000000, 0x00000000c4300000, 0x00000000eab00000)
  object space 68608K, 9% used [0x00000000c0000000,0x00000000c0683728,0x00000000c4300000)
 Metaspace       used 24506K, committed 24960K, reserved 1114112K
  class space    used 2409K, committed 2624K, reserved 1048576K
}
Event: 4.352 GC heap before
{Heap before GC invocations=7 (full 1):
 PSYoungGen      total 26112K, used 25690K [0x00000000eab00000, 0x00000000ec880000, 0x0000000100000000)
  eden space 25088K, 100% used [0x00000000eab00000,0x00000000ec380000,0x00000000ec380000)
  from space 1024K, 58% used [0x00000000ec400000,0x00000000ec496ab8,0x00000000ec500000)
  to   space 2560K, 0% used [0x00000000ec600000,0x00000000ec600000,0x00000000ec880000)
 ParOldGen       total 68608K, used 6669K [0x00000000c0000000, 0x00000000c4300000, 0x00000000eab00000)
  object space 68608K, 9% used [0x00000000c0000000,0x00000000c0683728,0x00000000c4300000)
 Metaspace       used 27323K, committed 27840K, reserved 1114112K
  class space    used 2638K, committed 2880K, reserved 1048576K
}
Event: 4.353 GC heap after
{Heap after GC invocations=7 (full 1):
 PSYoungGen      total 26112K, used 1051K [0x00000000eab00000, 0x00000000ec780000, 0x0000000100000000)
  eden space 24576K, 0% used [0x00000000eab00000,0x00000000eab00000,0x00000000ec300000)
  from space 1536K, 68% used [0x00000000ec600000,0x00000000ec706c68,0x00000000ec780000)
  to   space 1536K, 0% used [0x00000000ec480000,0x00000000ec480000,0x00000000ec600000)
 ParOldGen       total 68608K, used 6677K [0x00000000c0000000, 0x00000000c4300000, 0x00000000eab00000)
  object space 68608K, 9% used [0x00000000c0000000,0x00000000c0685728,0x00000000c4300000)
 Metaspace       used 27323K, committed 27840K, reserved 1114112K
  class space    used 2638K, committed 2880K, reserved 1048576K
}
Event: 5.447 GC heap before
{Heap before GC invocations=8 (full 1):
 PSYoungGen      total 26112K, used 25627K [0x00000000eab00000, 0x00000000ec780000, 0x0000000100000000)
  eden space 24576K, 100% used [0x00000000eab00000,0x00000000ec300000,0x00000000ec300000)
  from space 1536K, 68% used [0x00000000ec600000,0x00000000ec706c68,0x00000000ec780000)
  to   space 1536K, 0% used [0x00000000ec480000,0x00000000ec480000,0x00000000ec600000)
 ParOldGen       total 68608K, used 6677K [0x00000000c0000000, 0x00000000c4300000, 0x00000000eab00000)
  object space 68608K, 9% used [0x00000000c0000000,0x00000000c0685728,0x00000000c4300000)
 Metaspace       used 31345K, committed 31936K, reserved 1114112K
  class space    used 3070K, committed 3328K, reserved 1048576K
}
Event: 5.451 GC heap after
{Heap after GC invocations=8 (full 1):
 PSYoungGen      total 25600K, used 1512K [0x00000000eab00000, 0x00000000ec980000, 0x0000000100000000)
  eden space 24064K, 0% used [0x00000000eab00000,0x00000000eab00000,0x00000000ec280000)
  from space 1536K, 98% used [0x00000000ec480000,0x00000000ec5fa310,0x00000000ec600000)
  to   space 3584K, 0% used [0x00000000ec600000,0x00000000ec600000,0x00000000ec980000)
 ParOldGen       total 68608K, used 8172K [0x00000000c0000000, 0x00000000c4300000, 0x00000000eab00000)
  object space 68608K, 11% used [0x00000000c0000000,0x00000000c07fb270,0x00000000c4300000)
 Metaspace       used 31345K, committed 31936K, reserved 1114112K
  class space    used 3070K, committed 3328K, reserved 1048576K
}
Event: 6.128 GC heap before
{Heap before GC invocations=9 (full 1):
 PSYoungGen      total 25600K, used 25354K [0x00000000eab00000, 0x00000000ec980000, 0x0000000100000000)
  eden space 24064K, 99% used [0x00000000eab00000,0x00000000ec248868,0x00000000ec280000)
  from space 1536K, 98% used [0x00000000ec480000,0x00000000ec5fa310,0x00000000ec600000)
  to   space 3584K, 0% used [0x00000000ec600000,0x00000000ec600000,0x00000000ec980000)
 ParOldGen       total 68608K, used 8172K [0x00000000c0000000, 0x00000000c4300000, 0x00000000eab00000)
  object space 68608K, 11% used [0x00000000c0000000,0x00000000c07fb270,0x00000000c4300000)
 Metaspace       used 35125K, committed 35840K, reserved 1114112K
  class space    used 3548K, committed 3904K, reserved 1048576K
}
Event: 6.132 GC heap after
{Heap after GC invocations=9 (full 1):
 PSYoungGen      total 27648K, used 3272K [0x00000000eab00000, 0x00000000ec980000, 0x0000000100000000)
  eden space 24064K, 0% used [0x00000000eab00000,0x00000000eab00000,0x00000000ec280000)
  from space 3584K, 91% used [0x00000000ec600000,0x00000000ec9320b8,0x00000000ec980000)
  to   space 3584K, 0% used [0x00000000ec280000,0x00000000ec280000,0x00000000ec600000)
 ParOldGen       total 68608K, used 8180K [0x00000000c0000000, 0x00000000c4300000, 0x00000000eab00000)
  object space 68608K, 11% used [0x00000000c0000000,0x00000000c07fd270,0x00000000c4300000)
 Metaspace       used 35125K, committed 35840K, reserved 1114112K
  class space    used 3548K, committed 3904K, reserved 1048576K
}
Event: 6.132 GC heap before
{Heap before GC invocations=10 (full 2):
 PSYoungGen      total 27648K, used 3272K [0x00000000eab00000, 0x00000000ec980000, 0x0000000100000000)
  eden space 24064K, 0% used [0x00000000eab00000,0x00000000eab00000,0x00000000ec280000)
  from space 3584K, 91% used [0x00000000ec600000,0x00000000ec9320b8,0x00000000ec980000)
  to   space 3584K, 0% used [0x00000000ec280000,0x00000000ec280000,0x00000000ec600000)
 ParOldGen       total 68608K, used 8180K [0x00000000c0000000, 0x00000000c4300000, 0x00000000eab00000)
  object space 68608K, 11% used [0x00000000c0000000,0x00000000c07fd270,0x00000000c4300000)
 Metaspace       used 35125K, committed 35840K, reserved 1114112K
  class space    used 3548K, committed 3904K, reserved 1048576K
}
Event: 6.176 GC heap after
{Heap after GC invocations=10 (full 2):
 PSYoungGen      total 27648K, used 0K [0x00000000eab00000, 0x00000000ec980000, 0x0000000100000000)
  eden space 24064K, 0% used [0x00000000eab00000,0x00000000eab00000,0x00000000ec280000)
  from space 3584K, 0% used [0x00000000ec600000,0x00000000ec600000,0x00000000ec980000)
  to   space 3584K, 0% used [0x00000000ec280000,0x00000000ec280000,0x00000000ec600000)
 ParOldGen       total 68608K, used 11223K [0x00000000c0000000, 0x00000000c4300000, 0x00000000eab00000)
  object space 68608K, 16% used [0x00000000c0000000,0x00000000c0af5d20,0x00000000c4300000)
 Metaspace       used 35125K, committed 35840K, reserved 1114112K
  class space    used 3548K, committed 3904K, reserved 1048576K
}
Event: 6.511 GC heap before
{Heap before GC invocations=11 (full 2):
 PSYoungGen      total 27648K, used 24064K [0x00000000eab00000, 0x00000000ec980000, 0x0000000100000000)
  eden space 24064K, 100% used [0x00000000eab00000,0x00000000ec280000,0x00000000ec280000)
  from space 3584K, 0% used [0x00000000ec600000,0x00000000ec600000,0x00000000ec980000)
  to   space 3584K, 0% used [0x00000000ec280000,0x00000000ec280000,0x00000000ec600000)
 ParOldGen       total 68608K, used 11223K [0x00000000c0000000, 0x00000000c4300000, 0x00000000eab00000)
  object space 68608K, 16% used [0x00000000c0000000,0x00000000c0af5d20,0x00000000c4300000)
 Metaspace       used 36001K, committed 36736K, reserved 1114112K
  class space    used 3655K, committed 3968K, reserved 1048576K
}
Event: 6.515 GC heap after
{Heap after GC invocations=11 (full 2):
 PSYoungGen      total 27136K, used 3097K [0x00000000eab00000, 0x00000000ec900000, 0x0000000100000000)
  eden space 23552K, 0% used [0x00000000eab00000,0x00000000eab00000,0x00000000ec200000)
  from space 3584K, 86% used [0x00000000ec280000,0x00000000ec586798,0x00000000ec600000)
  to   space 3072K, 0% used [0x00000000ec600000,0x00000000ec600000,0x00000000ec900000)
 ParOldGen       total 68608K, used 11231K [0x00000000c0000000, 0x00000000c4300000, 0x00000000eab00000)
  object space 68608K, 16% used [0x00000000c0000000,0x00000000c0af7d20,0x00000000c4300000)
 Metaspace       used 36001K, committed 36736K, reserved 1114112K
  class space    used 3655K, committed 3968K, reserved 1048576K
}
Event: 7.147 GC heap before
{Heap before GC invocations=12 (full 2):
 PSYoungGen      total 27136K, used 26633K [0x00000000eab00000, 0x00000000ec900000, 0x0000000100000000)
  eden space 23552K, 99% used [0x00000000eab00000,0x00000000ec1fbcc8,0x00000000ec200000)
  from space 3584K, 86% used [0x00000000ec280000,0x00000000ec586798,0x00000000ec600000)
  to   space 3072K, 0% used [0x00000000ec600000,0x00000000ec600000,0x00000000ec900000)
 ParOldGen       total 68608K, used 11231K [0x00000000c0000000, 0x00000000c4300000, 0x00000000eab00000)
  object space 68608K, 16% used [0x00000000c0000000,0x00000000c0af7d20,0x00000000c4300000)
 Metaspace       used 38444K, committed 39168K, reserved 1114112K
  class space    used 3944K, committed 4288K, reserved 1048576K
}
Event: 7.153 GC heap after
{Heap after GC invocations=12 (full 2):
 PSYoungGen      total 25600K, used 3063K [0x00000000eab00000, 0x00000000ecb80000, 0x0000000100000000)
  eden space 22528K, 0% used [0x00000000eab00000,0x00000000eab00000,0x00000000ec100000)
  from space 3072K, 99% used [0x00000000ec600000,0x00000000ec8fdd60,0x00000000ec900000)
  to   space 5120K, 0% used [0x00000000ec100000,0x00000000ec100000,0x00000000ec600000)
 ParOldGen       total 68608K, used 12959K [0x00000000c0000000, 0x00000000c4300000, 0x00000000eab00000)
  object space 68608K, 18% used [0x00000000c0000000,0x00000000c0ca7d20,0x00000000c4300000)
 Metaspace       used 38444K, committed 39168K, reserved 1114112K
  class space    used 3944K, committed 4288K, reserved 1048576K
}
Event: 7.817 GC heap before
{Heap before GC invocations=13 (full 2):
 PSYoungGen      total 25600K, used 25591K [0x00000000eab00000, 0x00000000ecb80000, 0x0000000100000000)
  eden space 22528K, 100% used [0x00000000eab00000,0x00000000ec100000,0x00000000ec100000)
  from space 3072K, 99% used [0x00000000ec600000,0x00000000ec8fdd60,0x00000000ec900000)
  to   space 5120K, 0% used [0x00000000ec100000,0x00000000ec100000,0x00000000ec600000)
 ParOldGen       total 68608K, used 12959K [0x00000000c0000000, 0x00000000c4300000, 0x00000000eab00000)
  object space 68608K, 18% used [0x00000000c0000000,0x00000000c0ca7d20,0x00000000c4300000)
 Metaspace       used 39405K, committed 40128K, reserved 1114112K
  class space    used 4066K, committed 4416K, reserved 1048576K
}
Event: 7.823 GC heap after
{Heap after GC invocations=13 (full 2):
 PSYoungGen      total 22528K, used 322K [0x00000000eab00000, 0x00000000ec680000, 0x0000000100000000)
  eden space 22016K, 0% used [0x00000000eab00000,0x00000000eab00000,0x00000000ec080000)
  from space 512K, 62% used [0x00000000ec100000,0x00000000ec1508a8,0x00000000ec180000)
  to   space 2048K, 0% used [0x00000000ec480000,0x00000000ec480000,0x00000000ec680000)
 ParOldGen       total 68608K, used 16014K [0x00000000c0000000, 0x00000000c4300000, 0x00000000eab00000)
  object space 68608K, 23% used [0x00000000c0000000,0x00000000c0fa3888,0x00000000c4300000)
 Metaspace       used 39405K, committed 40128K, reserved 1114112K
  class space    used 4066K, committed 4416K, reserved 1048576K
}
Event: 8.983 GC heap before
{Heap before GC invocations=14 (full 2):
 PSYoungGen      total 22528K, used 22338K [0x00000000eab00000, 0x00000000ec680000, 0x0000000100000000)
  eden space 22016K, 100% used [0x00000000eab00000,0x00000000ec080000,0x00000000ec080000)
  from space 512K, 62% used [0x00000000ec100000,0x00000000ec1508a8,0x00000000ec180000)
  to   space 2048K, 0% used [0x00000000ec480000,0x00000000ec480000,0x00000000ec680000)
 ParOldGen       total 68608K, used 16014K [0x00000000c0000000, 0x00000000c4300000, 0x00000000eab00000)
  object space 68608K, 23% used [0x00000000c0000000,0x00000000c0fa3888,0x00000000c4300000)
 Metaspace       used 41984K, committed 42752K, reserved 1114112K
  class space    used 4279K, committed 4608K, reserved 1048576K
}
Event: 8.987 GC heap after
{Heap after GC invocations=14 (full 2):
 PSYoungGen      total 23552K, used 1328K [0x00000000eab00000, 0x00000000ec600000, 0x0000000100000000)
  eden space 22016K, 0% used [0x00000000eab00000,0x00000000eab00000,0x00000000ec080000)
  from space 1536K, 86% used [0x00000000ec480000,0x00000000ec5cc020,0x00000000ec600000)
  to   space 2048K, 0% used [0x00000000ec200000,0x00000000ec200000,0x00000000ec400000)
 ParOldGen       total 68608K, used 16254K [0x00000000c0000000, 0x00000000c4300000, 0x00000000eab00000)
  object space 68608K, 23% used [0x00000000c0000000,0x00000000c0fdf888,0x00000000c4300000)
 Metaspace       used 41984K, committed 42752K, reserved 1114112K
  class space    used 4279K, committed 4608K, reserved 1048576K
}
Event: 9.398 GC heap before
{Heap before GC invocations=15 (full 2):
 PSYoungGen      total 23552K, used 23344K [0x00000000eab00000, 0x00000000ec600000, 0x0000000100000000)
  eden space 22016K, 100% used [0x00000000eab00000,0x00000000ec080000,0x00000000ec080000)
  from space 1536K, 86% used [0x00000000ec480000,0x00000000ec5cc020,0x00000000ec600000)
  to   space 2048K, 0% used [0x00000000ec200000,0x00000000ec200000,0x00000000ec400000)
 ParOldGen       total 68608K, used 16254K [0x00000000c0000000, 0x00000000c4300000, 0x00000000eab00000)
  object space 68608K, 23% used [0x00000000c0000000,0x00000000c0fdf888,0x00000000c4300000)
 Metaspace       used 43485K, committed 44288K, reserved 1114112K
  class space    used 4406K, committed 4736K, reserved 1048576K
}
Event: 9.402 GC heap after
{Heap after GC invocations=15 (full 2):
 PSYoungGen      total 24064K, used 1791K [0x00000000eab00000, 0x00000000ec500000, 0x0000000100000000)
  eden space 22016K, 0% used [0x00000000eab00000,0x00000000eab00000,0x00000000ec080000)
  from space 2048K, 87% used [0x00000000ec200000,0x00000000ec3bffb0,0x00000000ec400000)
  to   space 1024K, 0% used [0x00000000ec400000,0x00000000ec400000,0x00000000ec500000)
 ParOldGen       total 68608K, used 17518K [0x00000000c0000000, 0x00000000c4300000, 0x00000000eab00000)
  object space 68608K, 25% used [0x00000000c0000000,0x00000000c111ba38,0x00000000c4300000)
 Metaspace       used 43485K, committed 44288K, reserved 1114112K
  class space    used 4406K, committed 4736K, reserved 1048576K
}

