# JRE version: OpenJDK Runtime Environment Temurin-17.0.9+9 (17.0.9+9) (build 17.0.9+9)
# Java VM: OpenJDK 64-Bit Server VM Temurin-17.0.9+9 (17.0.9+9, mixed mode, tiered, compressed oops, compressed class ptrs, parallel gc, windows-amd64)
GC Precious Log:
 CPUs: 4 total, 4 available
 Memory: 3959M
 Large Page Support: Disabled
 NUMA Support: Disabled
 Compressed Oops: Enabled (32-bit)
 Alignments: Space 512K, Generation 512K, Heap 2M
 Heap Min Capacity: 100M
 Heap Initial Capacity: 100M
 Heap Max Capacity: 1G
 Pre-touch: Disabled
 Parallel Workers: 4
Heap:
 PSYoungGen      total 22528K, used 13000K [0x00000000eab00000, 0x00000000ec380000, 0x0000000100000000)
  eden space 21504K, 57% used [0x00000000eab00000,0x00000000eb71f530,0x00000000ec000000)
  from space 1024K, 57% used [0x00000000ec200000,0x00000000ec292ea0,0x00000000ec300000)
  to   space 512K, 0% used [0x00000000ec300000,0x00000000ec300000,0x00000000ec380000)
 ParOldGen       total 68608K, used 19724K [0x00000000c0000000, 0x00000000c4300000, 0x00000000eab00000)
  object space 68608K, 28% used [0x00000000c0000000,0x00000000c1343130,0x00000000c4300000)
 Metaspace       used 44473K, committed 45312K, reserved 1114112K
  class space    used 4487K, committed 4864K, reserved 1048576K
GC Heap History (20 events):
Event: 5.558 GC heap before
{Heap before GC invocations=8 (full 1):
 PSYoungGen      total 25600K, used 25582K [0x00000000eab00000, 0x00000000ec700000, 0x0000000100000000)
  eden space 24576K, 100% used [0x00000000eab00000,0x00000000ec300000,0x00000000ec300000)
  from space 1024K, 98% used [0x00000000ec600000,0x00000000ec6fb828,0x00000000ec700000)
  to   space 1536K, 0% used [0x00000000ec400000,0x00000000ec400000,0x00000000ec580000)
 ParOldGen       total 68608K, used 7062K [0x00000000c0000000, 0x00000000c4300000, 0x00000000eab00000)
  object space 68608K, 10% used [0x00000000c0000000,0x00000000c06e5860,0x00000000c4300000)
 Metaspace       used 28649K, committed 29184K, reserved 1114112K
  class space    used 2746K, committed 3008K, reserved 1048576K
}
Event: 5.560 GC heap after
{Heap after GC invocations=8 (full 1):
 PSYoungGen      total 25600K, used 1506K [0x00000000eab00000, 0x00000000ec680000, 0x0000000100000000)
  eden space 24064K, 0% used [0x00000000eab00000,0x00000000eab00000,0x00000000ec280000)
  from space 1536K, 98% used [0x00000000ec400000,0x00000000ec5788f0,0x00000000ec580000)
  to   space 1024K, 0% used [0x00000000ec580000,0x00000000ec580000,0x00000000ec680000)
 ParOldGen       total 68608K, used 7150K [0x00000000c0000000, 0x00000000c4300000, 0x00000000eab00000)
  object space 68608K, 10% used [0x00000000c0000000,0x00000000c06fb860,0x00000000c4300000)
 Metaspace       used 28649K, committed 29184K, reserved 1114112K
  class space    used 2746K, committed 3008K, reserved 1048576K
}
Event: 6.107 GC heap before
{Heap before GC invocations=9 (full 1):
 PSYoungGen      total 25600K, used 25570K [0x00000000eab00000, 0x00000000ec680000, 0x0000000100000000)
  eden space 24064K, 100% used [0x00000000eab00000,0x00000000ec280000,0x00000000ec280000)
  from space 1536K, 98% used [0x00000000ec400000,0x00000000ec5788f0,0x00000000ec580000)
  to   space 1024K, 0% used [0x00000000ec580000,0x00000000ec580000,0x00000000ec680000)
 ParOldGen       total 68608K, used 7150K [0x00000000c0000000, 0x00000000c4300000, 0x00000000eab00000)
  object space 68608K, 10% used [0x00000000c0000000,0x00000000c06fb860,0x00000000c4300000)
 Metaspace       used 32258K, committed 32960K, reserved 1114112K
  class space    used 3156K, committed 3520K, reserved 1048576K
}
Event: 6.111 GC heap after
{Heap after GC invocations=9 (full 1):
 PSYoungGen      total 24576K, used 1023K [0x00000000eab00000, 0x00000000ec900000, 0x0000000100000000)
  eden space 23552K, 0% used [0x00000000eab00000,0x00000000eab00000,0x00000000ec200000)
  from space 1024K, 99% used [0x00000000ec580000,0x00000000ec67fe18,0x00000000ec680000)
  to   space 3584K, 0% used [0x00000000ec200000,0x00000000ec200000,0x00000000ec580000)
 ParOldGen       total 68608K, used 8987K [0x00000000c0000000, 0x00000000c4300000, 0x00000000eab00000)
  object space 68608K, 13% used [0x00000000c0000000,0x00000000c08c6f20,0x00000000c4300000)
 Metaspace       used 32258K, committed 32960K, reserved 1114112K
  class space    used 3156K, committed 3520K, reserved 1048576K
}
Event: 6.598 GC heap before
{Heap before GC invocations=10 (full 1):
 PSYoungGen      total 24576K, used 22278K [0x00000000eab00000, 0x00000000ec900000, 0x0000000100000000)
  eden space 23552K, 90% used [0x00000000eab00000,0x00000000ebfc1c60,0x00000000ec200000)
  from space 1024K, 99% used [0x00000000ec580000,0x00000000ec67fe18,0x00000000ec680000)
  to   space 3584K, 0% used [0x00000000ec200000,0x00000000ec200000,0x00000000ec580000)
 ParOldGen       total 68608K, used 8987K [0x00000000c0000000, 0x00000000c4300000, 0x00000000eab00000)
  object space 68608K, 13% used [0x00000000c0000000,0x00000000c08c6f20,0x00000000c4300000)
 Metaspace       used 35122K, committed 35840K, reserved 1114112K
  class space    used 3490K, committed 3840K, reserved 1048576K
}
Event: 6.600 GC heap after
{Heap after GC invocations=10 (full 1):
 PSYoungGen      total 25600K, used 1764K [0x00000000eab00000, 0x00000000ec700000, 0x0000000100000000)
  eden space 23552K, 0% used [0x00000000eab00000,0x00000000eab00000,0x00000000ec200000)
  from space 2048K, 86% used [0x00000000ec200000,0x00000000ec3b9370,0x00000000ec400000)
  to   space 2560K, 0% used [0x00000000ec480000,0x00000000ec480000,0x00000000ec700000)
 ParOldGen       total 68608K, used 9411K [0x00000000c0000000, 0x00000000c4300000, 0x00000000eab00000)
  object space 68608K, 13% used [0x00000000c0000000,0x00000000c0930c50,0x00000000c4300000)
 Metaspace       used 35122K, committed 35840K, reserved 1114112K
  class space    used 3490K, committed 3840K, reserved 1048576K
}
Event: 6.600 GC heap before
{Heap before GC invocations=11 (full 2):
 PSYoungGen      total 25600K, used 1764K [0x00000000eab00000, 0x00000000ec700000, 0x0000000100000000)
  eden space 23552K, 0% used [0x00000000eab00000,0x00000000eab00000,0x00000000ec200000)
  from space 2048K, 86% used [0x00000000ec200000,0x00000000ec3b9370,0x00000000ec400000)
  to   space 2560K, 0% used [0x00000000ec480000,0x00000000ec480000,0x00000000ec700000)
 ParOldGen       total 68608K, used 9411K [0x00000000c0000000, 0x00000000c4300000, 0x00000000eab00000)
  object space 68608K, 13% used [0x00000000c0000000,0x00000000c0930c50,0x00000000c4300000)
 Metaspace       used 35122K, committed 35840K, reserved 1114112K
  class space    used 3490K, committed 3840K, reserved 1048576K
}
Event: 6.637 GC heap after
{Heap after GC invocations=11 (full 2):
 PSYoungGen      total 25600K, used 0K [0x00000000eab00000, 0x00000000ec700000, 0x0000000100000000)
  eden space 23552K, 0% used [0x00000000eab00000,0x00000000eab00000,0x00000000ec200000)
  from space 2048K, 0% used [0x00000000ec200000,0x00000000ec200000,0x00000000ec400000)
  to   space 2560K, 0% used [0x00000000ec480000,0x00000000ec480000,0x00000000ec700000)
 ParOldGen       total 68608K, used 10768K [0x00000000c0000000, 0x00000000c4300000, 0x00000000eab00000)
  object space 68608K, 15% used [0x00000000c0000000,0x00000000c0a840d8,0x00000000c4300000)
 Metaspace       used 35122K, committed 35840K, reserved 1114112K
  class space    used 3490K, committed 3840K, reserved 1048576K
}
Event: 7.178 GC heap before
{Heap before GC invocations=12 (full 2):
 PSYoungGen      total 25600K, used 23552K [0x00000000eab00000, 0x00000000ec700000, 0x0000000100000000)
  eden space 23552K, 100% used [0x00000000eab00000,0x00000000ec200000,0x00000000ec200000)
  from space 2048K, 0% used [0x00000000ec200000,0x00000000ec200000,0x00000000ec400000)
  to   space 2560K, 0% used [0x00000000ec480000,0x00000000ec480000,0x00000000ec700000)
 ParOldGen       total 68608K, used 10768K [0x00000000c0000000, 0x00000000c4300000, 0x00000000eab00000)
  object space 68608K, 15% used [0x00000000c0000000,0x00000000c0a840d8,0x00000000c4300000)
 Metaspace       used 37823K, committed 38528K, reserved 1114112K
  class space    used 3832K, committed 4160K, reserved 1048576K
}
Event: 7.181 GC heap after
{Heap after GC invocations=12 (full 2):
 PSYoungGen      total 24064K, used 2558K [0x00000000eab00000, 0x00000000eca80000, 0x0000000100000000)
  eden space 21504K, 0% used [0x00000000eab00000,0x00000000eab00000,0x00000000ec000000)
  from space 2560K, 99% used [0x00000000ec480000,0x00000000ec6ffb00,0x00000000ec700000)
  to   space 4608K, 0% used [0x00000000ec000000,0x00000000ec000000,0x00000000ec480000)
 ParOldGen       total 68608K, used 11986K [0x00000000c0000000, 0x00000000c4300000, 0x00000000eab00000)
  object space 68608K, 17% used [0x00000000c0000000,0x00000000c0bb4900,0x00000000c4300000)
 Metaspace       used 37823K, committed 38528K, reserved 1114112K
  class space    used 3832K, committed 4160K, reserved 1048576K
}
Event: 7.609 GC heap before
{Heap before GC invocations=13 (full 2):
 PSYoungGen      total 24064K, used 24062K [0x00000000eab00000, 0x00000000eca80000, 0x0000000100000000)
  eden space 21504K, 100% used [0x00000000eab00000,0x00000000ec000000,0x00000000ec000000)
  from space 2560K, 99% used [0x00000000ec480000,0x00000000ec6ffb00,0x00000000ec700000)
  to   space 4608K, 0% used [0x00000000ec000000,0x00000000ec000000,0x00000000ec480000)
 ParOldGen       total 68608K, used 11986K [0x00000000c0000000, 0x00000000c4300000, 0x00000000eab00000)
  object space 68608K, 17% used [0x00000000c0000000,0x00000000c0bb4900,0x00000000c4300000)
 Metaspace       used 38194K, committed 38848K, reserved 1114112K
  class space    used 3862K, committed 4160K, reserved 1048576K
}
Event: 7.615 GC heap after
{Heap after GC invocations=13 (full 2):
 PSYoungGen      total 25600K, used 3744K [0x00000000eab00000, 0x00000000ec800000, 0x0000000100000000)
  eden space 21504K, 0% used [0x00000000eab00000,0x00000000eab00000,0x00000000ec000000)
  from space 4096K, 91% used [0x00000000ec000000,0x00000000ec3a8000,0x00000000ec400000)
  to   space 4096K, 0% used [0x00000000ec400000,0x00000000ec400000,0x00000000ec800000)
 ParOldGen       total 68608K, used 12466K [0x00000000c0000000, 0x00000000c4300000, 0x00000000eab00000)
  object space 68608K, 18% used [0x00000000c0000000,0x00000000c0c2c9a0,0x00000000c4300000)
 Metaspace       used 38194K, committed 38848K, reserved 1114112K
  class space    used 3862K, committed 4160K, reserved 1048576K
}
Event: 8.519 GC heap before
{Heap before GC invocations=14 (full 2):
 PSYoungGen      total 25600K, used 25213K [0x00000000eab00000, 0x00000000ec800000, 0x0000000100000000)
  eden space 21504K, 99% used [0x00000000eab00000,0x00000000ebff7620,0x00000000ec000000)
  from space 4096K, 91% used [0x00000000ec000000,0x00000000ec3a8000,0x00000000ec400000)
  to   space 4096K, 0% used [0x00000000ec400000,0x00000000ec400000,0x00000000ec800000)
 ParOldGen       total 68608K, used 12466K [0x00000000c0000000, 0x00000000c4300000, 0x00000000eab00000)
  object space 68608K, 18% used [0x00000000c0000000,0x00000000c0c2c9a0,0x00000000c4300000)
 Metaspace       used 39938K, committed 40704K, reserved 1114112K
  class space    used 4053K, committed 4352K, reserved 1048576K
}
Event: 8.525 GC heap after
{Heap after GC invocations=14 (full 2):
 PSYoungGen      total 22528K, used 640K [0x00000000eab00000, 0x00000000ec500000, 0x0000000100000000)
  eden space 21504K, 0% used [0x00000000eab00000,0x00000000eab00000,0x00000000ec000000)
  from space 1024K, 62% used [0x00000000ec400000,0x00000000ec4a0000,0x00000000ec500000)
  to   space 2048K, 0% used [0x00000000ec100000,0x00000000ec100000,0x00000000ec300000)
 ParOldGen       total 68608K, used 16165K [0x00000000c0000000, 0x00000000c4300000, 0x00000000eab00000)
  object space 68608K, 23% used [0x00000000c0000000,0x00000000c0fc9690,0x00000000c4300000)
 Metaspace       used 39938K, committed 40704K, reserved 1114112K
  class space    used 4053K, committed 4352K, reserved 1048576K
}
Event: 9.179 GC heap before
{Heap before GC invocations=15 (full 2):
 PSYoungGen      total 22528K, used 22144K [0x00000000eab00000, 0x00000000ec500000, 0x0000000100000000)
  eden space 21504K, 100% used [0x00000000eab00000,0x00000000ec000000,0x00000000ec000000)
  from space 1024K, 62% used [0x00000000ec400000,0x00000000ec4a0000,0x00000000ec500000)
  to   space 2048K, 0% used [0x00000000ec100000,0x00000000ec100000,0x00000000ec300000)
 ParOldGen       total 68608K, used 16165K [0x00000000c0000000, 0x00000000c4300000, 0x00000000eab00000)
  object space 68608K, 23% used [0x00000000c0000000,0x00000000c0fc9690,0x00000000c4300000)
 Metaspace       used 41801K, committed 42624K, reserved 1114112K
  class space    used 4225K, committed 4608K, reserved 1048576K
}
Event: 9.181 GC heap after
{Heap after GC invocations=15 (full 2):
 PSYoungGen      total 23552K, used 1024K [0x00000000eab00000, 0x00000000ec480000, 0x0000000100000000)
  eden space 21504K, 0% used [0x00000000eab00000,0x00000000eab00000,0x00000000ec000000)
  from space 2048K, 50% used [0x00000000ec100000,0x00000000ec200020,0x00000000ec300000)
  to   space 1536K, 0% used [0x00000000ec300000,0x00000000ec300000,0x00000000ec480000)
 ParOldGen       total 68608K, used 16465K [0x00000000c0000000, 0x00000000c4300000, 0x00000000eab00000)
  object space 68608K, 23% used [0x00000000c0000000,0x00000000c1014500,0x00000000c4300000)
 Metaspace       used 41801K, committed 42624K, reserved 1114112K
  class space    used 4225K, committed 4608K, reserved 1048576K
}
Event: 9.699 GC heap before
{Heap before GC invocations=16 (full 2):
 PSYoungGen      total 23552K, used 22528K [0x00000000eab00000, 0x00000000ec480000, 0x0000000100000000)
  eden space 21504K, 100% used [0x00000000eab00000,0x00000000ec000000,0x00000000ec000000)
  from space 2048K, 50% used [0x00000000ec100000,0x00000000ec200020,0x00000000ec300000)
  to   space 1536K, 0% used [0x00000000ec300000,0x00000000ec300000,0x00000000ec480000)
 ParOldGen       total 68608K, used 16465K [0x00000000c0000000, 0x00000000c4300000, 0x00000000eab00000)
  object space 68608K, 23% used [0x00000000c0000000,0x00000000c1014500,0x00000000c4300000)
 Metaspace       used 43012K, committed 43776K, reserved 1114112K
  class space    used 4369K, committed 4736K, reserved 1048576K
}
Event: 9.704 GC heap after
{Heap after GC invocations=16 (full 2):
 PSYoungGen      total 22528K, used 576K [0x00000000eab00000, 0x00000000ec400000, 0x0000000100000000)
  eden space 21504K, 0% used [0x00000000eab00000,0x00000000eab00000,0x00000000ec000000)
  from space 1024K, 56% used [0x00000000ec300000,0x00000000ec390000,0x00000000ec400000)
  to   space 1024K, 0% used [0x00000000ec200000,0x00000000ec200000,0x00000000ec300000)
 ParOldGen       total 68608K, used 17361K [0x00000000c0000000, 0x00000000c4300000, 0x00000000eab00000)
  object space 68608K, 25% used [0x00000000c0000000,0x00000000c10f4510,0x00000000c4300000)
 Metaspace       used 43012K, committed 43776K, reserved 1114112K
  class space    used 4369K, committed 4736K, reserved 1048576K
}
Event: 10.124 GC heap before
{Heap before GC invocations=17 (full 2):
 PSYoungGen      total 22528K, used 20749K [0x00000000eab00000, 0x00000000ec400000, 0x0000000100000000)
  eden space 21504K, 93% used [0x00000000eab00000,0x00000000ebeb36e8,0x00000000ec000000)
  from space 1024K, 56% used [0x00000000ec300000,0x00000000ec390000,0x00000000ec400000)
  to   space 1024K, 0% used [0x00000000ec200000,0x00000000ec200000,0x00000000ec300000)
 ParOldGen       total 68608K, used 17361K [0x00000000c0000000, 0x00000000c4300000, 0x00000000eab00000)
  object space 68608K, 25% used [0x00000000c0000000,0x00000000c10f4510,0x00000000c4300000)
 Metaspace       used 44193K, committed 45056K, reserved 1114112K
  class space    used 4468K, committed 4864K, reserved 1048576K
}
Event: 10.128 GC heap after
{Heap after GC invocations=17 (full 2):
 PSYoungGen      total 22528K, used 587K [0x00000000eab00000, 0x00000000ec380000, 0x0000000100000000)
  eden space 21504K, 0% used [0x00000000eab00000,0x00000000eab00000,0x00000000ec000000)
  from space 1024K, 57% used [0x00000000ec200000,0x00000000ec292ea0,0x00000000ec300000)
  to   space 512K, 0% used [0x00000000ec300000,0x00000000ec300000,0x00000000ec380000)
 ParOldGen       total 68608K, used 19724K [0x00000000c0000000, 0x00000000c4300000, 0x00000000eab00000)
  object space 68608K, 28% used [0x00000000c0000000,0x00000000c1343130,0x00000000c4300000)
 Metaspace       used 44193K, committed 45056K, reserved 1114112K
  class space    used 4468K, committed 4864K, reserved 1048576K
}

